<?xml version="1.0" encoding="UTF-8"?>
<testsuites tests="30" failures="0" time="6.196">
  <testsuite name="Root Suite" timestamp="2024-06-19T19:28:10" tests="0" file="cypress\e2e\test\features\navigation\navigation.feature" time="0" failures="0"></testsuite>
  <testsuite name="NavigationBar" timestamp="2024-06-19T19:28:10" tests="5" time="4.834" failures="0">
    <testcase name="NavigationBar Navigate to the Feature Navigation Bar" time="3.107" classname="Navigate to the Feature Navigation Bar"></testcase>
    <testcase name="NavigationBar Navigate to the Feature Navigation Bar" time="3.096" classname="Navigate to the Feature Navigation Bar"></testcase>
    <testcase name="NavigationBar Navigate to the Feature Navigation Bar" time="3.064" classname="Navigate to the Feature Navigation Bar"></testcase>
    <testcase name="NavigationBar Navigate to the Feature Navigation Bar" time="3.027" classname="Navigate to the Feature Navigation Bar"></testcase>
    <testcase name="NavigationBar Navigate to the Feature Navigation Bar" time="2.834" classname="Navigate to the Feature Navigation Bar"></testcase>
  </testsuite>
  <testsuite name="Login test" timestamp="2024-06-19T19:27:55" tests="5" time="5.103" failures="0">
    <testcase name="Login test I login with correct credentials" time="2.781" classname="I login with correct credentials"></testcase>
    <testcase name="Login test I login with correct credentials" time="2.762" classname="I login with correct credentials"></testcase>
    <testcase name="Login test I login with correct credentials" time="2.844" classname="I login with correct credentials"></testcase>
    <testcase name="Login test I login with correct credentials" time="2.852" classname="I login with correct credentials"></testcase>
    <testcase name="Login test I login with correct credentials" time="2.795" classname="I login with correct credentials"></testcase>
  </testsuite>
  <testsuite name="loginOutline" timestamp="2024-06-19T19:28:02" tests="20" time="6.196" failures="0">
    <testcase name="loginOutline I login with correct credentials (example #1)" time="1.544" classname="I login with correct credentials (example #1)"></testcase>
    <testcase name="loginOutline I login with correct credentials (example #2)" time="0.892" classname="I login with correct credentials (example #2)"></testcase>
    <testcase name="loginOutline I login with correct credentials (example #3)" time="0.856" classname="I login with correct credentials (example #3)"></testcase>
    <testcase name="loginOutline I login with correct credentials (example #4)" time="0.912" classname="I login with correct credentials (example #4)"></testcase>
    <testcase name="loginOutline I login with correct credentials (example #1)" time="1.480" classname="I login with correct credentials (example #1)"></testcase>
    <testcase name="loginOutline I login with correct credentials (example #2)" time="0.975" classname="I login with correct credentials (example #2)"></testcase>
    <testcase name="loginOutline I login with correct credentials (example #3)" time="0.891" classname="I login with correct credentials (example #3)"></testcase>
    <testcase name="loginOutline I login with correct credentials (example #4)" time="0.914" classname="I login with correct credentials (example #4)"></testcase>
    <testcase name="loginOutline I login with correct credentials (example #1)" time="1.464" classname="I login with correct credentials (example #1)"></testcase>
    <testcase name="loginOutline I login with correct credentials (example #2)" time="0.925" classname="I login with correct credentials (example #2)"></testcase>
    <testcase name="loginOutline I login with correct credentials (example #3)" time="0.907" classname="I login with correct credentials (example #3)"></testcase>
    <testcase name="loginOutline I login with correct credentials (example #4)" time="0.858" classname="I login with correct credentials (example #4)"></testcase>
    <testcase name="loginOutline I login with correct credentials (example #1)" time="1.624" classname="I login with correct credentials (example #1)"></testcase>
    <testcase name="loginOutline I login with correct credentials (example #2)" time="0.895" classname="I login with correct credentials (example #2)"></testcase>
    <testcase name="loginOutline I login with correct credentials (example #3)" time="0.932" classname="I login with correct credentials (example #3)"></testcase>
    <testcase name="loginOutline I login with correct credentials (example #4)" time="1.091" classname="I login with correct credentials (example #4)"></testcase>
    <testcase name="loginOutline I login with correct credentials (example #1)" time="1.501" classname="I login with correct credentials (example #1)"></testcase>
    <testcase name="loginOutline I login with correct credentials (example #2)" time="0.888" classname="I login with correct credentials (example #2)"></testcase>
    <testcase name="loginOutline I login with correct credentials (example #3)" time="0.854" classname="I login with correct credentials (example #3)"></testcase>
    <testcase name="loginOutline I login with correct credentials (example #4)" time="0.891" classname="I login with correct credentials (example #4)"></testcase>
  </testsuite>
</testsuites>