<?xml version="1.0" encoding="UTF-8"?>
<testsuites name="Mocha Tests" time="5.342" tests="1" failures="0">
  <testsuite name="Root Suite" timestamp="2024-06-18T23:02:17" tests="0" file="cypress\support\step_definitions\login\login.feature" time="0.000" failures="0">
  </testsuite>
  <testsuite name="Login test" timestamp="2024-06-18T23:02:17" tests="1" time="5.337" failures="0">
    <testcase name="Login test I login with correct credentials" time="2.977" classname="I login with correct credentials">
    </testcase>
  </testsuite>
</testsuites>