<?xml version="1.0" encoding="UTF-8"?>
<testsuites name="Mocha Tests" time="5.028" tests="1" failures="0">
  <testsuite name="Root Suite" timestamp="2024-06-21T00:33:15" tests="0" file="cypress\support\step_definitions\login\login.feature" time="0.000" failures="0">
  </testsuite>
  <testsuite name="Login test" timestamp="2024-06-21T00:33:15" tests="1" time="5.022" failures="0">
    <testcase name="Login test I login with correct credentials" time="2.844" classname="I login with correct credentials">
    </testcase>
  </testsuite>
</testsuites>