<?xml version="1.0" encoding="UTF-8"?>
<testsuites name="Mocha Tests" time="5.819" tests="4" failures="0">
  <testsuite name="Root Suite" timestamp="2024-06-21T00:33:23" tests="0" file="cypress\e2e\test\features\loginOnLine\loginOnLine.feature" time="0.000" failures="0">
  </testsuite>
  <testsuite name="loginOutline" timestamp="2024-06-21T00:33:23" tests="4" time="5.814" failures="0">
    <testcase name="loginOutline I login with correct credentials (example #1)" time="1.501" classname="I login with correct credentials (example #1)">
    </testcase>
    <testcase name="loginOutline I login with correct credentials (example #2)" time="0.888" classname="I login with correct credentials (example #2)">
    </testcase>
    <testcase name="loginOutline I login with correct credentials (example #3)" time="0.854" classname="I login with correct credentials (example #3)">
    </testcase>
    <testcase name="loginOutline I login with correct credentials (example #4)" time="0.891" classname="I login with correct credentials (example #4)">
    </testcase>
  </testsuite>
</testsuites>