<?xml version="1.0" encoding="UTF-8"?>
<testsuites name="Mocha Tests" time="13.549" tests="12" failures="0">
  <testsuite name="Root Suite" timestamp="2024-06-18T22:24:37" tests="0" file="cypress\e2e\test\features\loginOnLine\loginOnLine.feature" time="0.000" failures="0">
  </testsuite>
  <testsuite name="loginOutline" timestamp="2024-06-18T22:24:37" tests="12" time="13.543" failures="0">
    <testcase name="loginOutline I login with correct credentials (example #1)" time="1.603" classname="I login with correct credentials (example #1)">
    </testcase>
    <testcase name="loginOutline I login with correct credentials (example #2)" time="0.935" classname="I login with correct credentials (example #2)">
    </testcase>
    <testcase name="loginOutline I login with correct credentials (example #3)" time="0.942" classname="I login with correct credentials (example #3)">
    </testcase>
    <testcase name="loginOutline I login with correct credentials (example #4)" time="0.952" classname="I login with correct credentials (example #4)">
    </testcase>
    <testcase name="loginOutline I login with correct credentials (example #5)" time="0.883" classname="I login with correct credentials (example #5)">
    </testcase>
    <testcase name="loginOutline I login with correct credentials (example #6)" time="0.905" classname="I login with correct credentials (example #6)">
    </testcase>
    <testcase name="loginOutline I login with correct credentials (example #7)" time="0.929" classname="I login with correct credentials (example #7)">
    </testcase>
    <testcase name="loginOutline I login with correct credentials (example #8)" time="0.879" classname="I login with correct credentials (example #8)">
    </testcase>
    <testcase name="loginOutline I login with correct credentials (example #9)" time="0.920" classname="I login with correct credentials (example #9)">
    </testcase>
    <testcase name="loginOutline I login with correct credentials (example #10)" time="0.906" classname="I login with correct credentials (example #10)">
    </testcase>
    <testcase name="loginOutline I login with correct credentials (example #11)" time="0.922" classname="I login with correct credentials (example #11)">
    </testcase>
    <testcase name="loginOutline I login with correct credentials (example #12)" time="0.917" classname="I login with correct credentials (example #12)">
    </testcase>
  </testsuite>
</testsuites>